This file contains any messages produced by compilers while
running configure, to aid debugging if configure makes a mistake.

It was created by configure, which was
generated by GNU Autoconf 2.67.  Invocation command line was

  $ /home/zhongyj/httpd-2.2.24/srclib/apr/configure --disable-option-checking --cache-file=/dev/null --srcdir=/home/zhongyj/httpd-2.2.24/srclib/apr --prefix=/usr/local/apache2 --exec-prefix=/usr/local/apache2 --libdir=${prefix}/lib --includedir=/usr/local/apache2/include --bindir=${prefix}/bin --datadir=/usr/local/apache2 --with-installbuilddir=${prefix}/build

## --------- ##
## Platform. ##
## --------- ##

hostname = ouxichen-desktop
uname -m = i686
uname -r = 2.6.38-8-generic
uname -s = Linux
uname -v = #42-Ubuntu SMP Mon Apr 11 03:31:50 UTC 2011

/usr/bin/uname -p = unknown
/bin/uname -X     = unknown

/bin/arch              = unknown
/usr/bin/arch -k       = unknown
/usr/convex/getsysinfo = unknown
/usr/bin/hostinfo      = unknown
/bin/machine           = unknown
/usr/bin/oslevel       = unknown
/bin/universe          = unknown

PATH: /usr/local/sbin
PATH: /usr/local/bin
PATH: /usr/sbin
PATH: /usr/bin
PATH: /sbin
PATH: /bin
PATH: /usr/games


## ----------- ##
## Core tests. ##
## ----------- ##

configure:3804: checking build system type
configure:3818: result: i686-pc-linux-gnu
configure:3838: checking host system type
configure:3851: result: i686-pc-linux-gnu
configure:3871: checking target system type
configure:3884: result: i686-pc-linux-gnu
configure:3947: checking for working mkdir -p
configure:3963: result: yes

## ---------------- ##
## Cache variables. ##
## ---------------- ##

ac_cv_build=i686-pc-linux-gnu
ac_cv_env_CCC_set=
ac_cv_env_CCC_value=
ac_cv_env_CC_set=
ac_cv_env_CC_value=
ac_cv_env_CFLAGS_set=
ac_cv_env_CFLAGS_value=
ac_cv_env_CPPFLAGS_set=
ac_cv_env_CPPFLAGS_value=
ac_cv_env_CPP_set=
ac_cv_env_CPP_value=
ac_cv_env_CXXCPP_set=
ac_cv_env_CXXCPP_value=
ac_cv_env_CXXFLAGS_set=
ac_cv_env_CXXFLAGS_value=
ac_cv_env_CXX_set=
ac_cv_env_CXX_value=
ac_cv_env_F77_set=
ac_cv_env_F77_value=
ac_cv_env_FFLAGS_set=
ac_cv_env_FFLAGS_value=
ac_cv_env_LDFLAGS_set=
ac_cv_env_LDFLAGS_value=
ac_cv_env_LIBS_set=
ac_cv_env_LIBS_value=
ac_cv_env_build_alias_set=
ac_cv_env_build_alias_value=
ac_cv_env_host_alias_set=
ac_cv_env_host_alias_value=
ac_cv_env_target_alias_set=
ac_cv_env_target_alias_value=
ac_cv_host=i686-pc-linux-gnu
ac_cv_mkdir_p=yes
ac_cv_target=i686-pc-linux-gnu

## ----------------- ##
## Output variables. ##
## ----------------- ##

ALLOCA=''
APR_CONFIG_LOCATION='source'
APR_DOTTED_VERSION='1.4.6'
APR_LIBNAME=''
APR_MAJOR_VERSION='1'
AR=''
AS=''
ASCPP=''
AWK=''
CC=''
CFLAGS=''
CPP=''
CPPFLAGS=''
CXX=''
CXXCPP=''
CXXFLAGS=''
DEFAULT_OSDIR=''
DEFS=''
DLLTOOL=''
DSYMUTIL=''
ECHO='echo'
ECHO_C=''
ECHO_N='-n'
ECHO_T=''
EGREP=''
EXEEXT=''
EXTRA_CFLAGS=''
EXTRA_CPPFLAGS=''
EXTRA_INCLUDES=''
EXTRA_LDFLAGS=''
EXTRA_LIBS=''
F77=''
FFLAGS=''
GREP=''
INCLUDES=''
INCLUDE_OUTPUTS=''
INCLUDE_RULES=''
INSTALL_DATA=''
INSTALL_PROGRAM=''
INSTALL_SCRIPT=''
INSTALL_SUBDIRS=''
LDFLAGS=''
LDLIBS=''
LIBOBJS=''
LIBS=''
LIBTOOL=''
LIBTOOL_LIBS=''
LN_S=''
LTFLAGS=''
LTLIBOBJS=''
LT_LDFLAGS=''
LT_NO_INSTALL=''
LT_VERSION=''
MKDEP=''
NMEDIT=''
NOTEST_CFLAGS=''
NOTEST_CPPFLAGS=''
NOTEST_INCLUDES=''
NOTEST_LDFLAGS=''
NOTEST_LIBS=''
OBJDUMP=''
OBJECTS_PLATFORM=''
OBJEXT=''
OSDIR=''
PACKAGE_BUGREPORT=''
PACKAGE_NAME=''
PACKAGE_STRING=''
PACKAGE_TARNAME=''
PACKAGE_URL=''
PACKAGE_VERSION=''
PATH_SEPARATOR=':'
RANLIB=''
RM=''
SED=''
SET_MAKE=''
SHELL='/bin/bash'
STRIP=''
ac_ct_CC=''
ac_ct_CXX=''
ac_ct_F77=''
acceptfilter=''
apr_builddir='/home/zhongyj/httpd-2.2.24/srclib/apr'
apr_builders='/home/zhongyj/httpd-2.2.24/srclib/apr/build'
apr_charset_ebcdic=''
apr_has_user=''
apr_has_xthread_files=''
apr_inaddr_none=''
apr_procattr_user_set_requires_password=''
apr_srcdir='/home/zhongyj/httpd-2.2.24/srclib/apr'
apr_tcp_nopush_flag=''
apr_thread_func=''
aprdso=''
aprlfs=''
arpa_ineth=''
bigendian=''
bindir='${prefix}/bin'
build='i686-pc-linux-gnu'
build_alias=''
build_cpu='i686'
build_os='linux-gnu'
build_vendor='pc'
conioh=''
crypth=''
ctypeh=''
datadir='/usr/local/apache2'
datarootdir='${prefix}/share'
direnth=''
docdir='${datarootdir}/doc/${PACKAGE}'
dvidir='${docdir}'
eolstr=''
errnoh=''
exec_prefix='/usr/local/apache2'
export_lib_target=''
fcntlh=''
fcntlser=''
file_as_socket=''
flockser=''
fork=''
hasfcntlser=''
hasflockser=''
hasposixser=''
hasprocpthreadser=''
hassysvser=''
have_corkable_tcp=''
have_getrlimit=''
have_in_addr=''
have_inet_addr=''
have_inet_network=''
have_iovec=''
have_ipv6=''
have_memchr=''
have_memmove=''
have_proc_invoked=''
have_sa_storage=''
have_sctp=''
have_setrlimit=''
have_sigaction=''
have_sigsuspend=''
have_sigwait=''
have_strcasecmp=''
have_strdup=''
have_stricmp=''
have_strncasecmp=''
have_strnicmp=''
have_strstr=''
have_unicode_fs=''
have_union_semun=''
havebeosarea=''
havemmapanon=''
havemmapshm=''
havemmaptmp=''
havemmapzero=''
haveos2shm=''
haveshmget=''
haveshmgetanon=''
havewin32shm=''
host='i686-pc-linux-gnu'
host_alias=''
host_cpu='i686'
host_os='linux-gnu'
host_vendor='pc'
htmldir='${docdir}'
includedir='/usr/local/apache2/include'
infodir='${datarootdir}/info'
ino_t_value=''
installbuilddir=''
int64_literal=''
int64_t_fmt=''
int64_value=''
int_value=''
ioh=''
lib_target=''
libdir='${prefix}/lib'
libexecdir='${exec_prefix}/libexec'
limitsh=''
link=''
localedir='${datarootdir}/locale'
localstatedir='${prefix}/var'
long_value=''
lt_compile=''
mandir='${datarootdir}/man'
mmap=''
netdbh=''
netinet_inh=''
netinet_sctp_uioh=''
netinet_sctph=''
netinet_tcph=''
o_nonblock_inherited=''
oc=''
off_t_fmt=''
off_t_value=''
oldincludedir='/usr/include'
osuuid=''
pdfdir='${docdir}'
pid_t_fmt=''
posixser=''
prefix='/usr/local/apache2'
proc_mutex_is_global=''
processh=''
proclockglobal=''
procpthreadser=''
program_transform_name='s,x,x,'
psdir='${docdir}'
pthreadh=''
pthreadser=''
rand=''
sbindir='${exec_prefix}/sbin'
semaphoreh=''
sendfile=''
sharedmem=''
sharedstatedir='${prefix}/com'
shlibpath_var=''
short_value=''
signalh=''
size_t_fmt=''
size_t_value=''
so_ext=''
socklen_t_value=''
ssize_t_fmt=''
ssize_t_value=''
stdargh=''
stdint=''
stdioh=''
stdlibh=''
stringh=''
stringsh=''
struct_rlimit=''
sys_ioctlh=''
sys_sendfileh=''
sys_signalh=''
sys_socketh=''
sys_sockioh=''
sys_syslimitsh=''
sys_timeh=''
sys_typesh=''
sys_uioh=''
sys_unh=''
sys_waith=''
sysconfdir='${prefix}/etc'
sysvser=''
target='i686-pc-linux-gnu'
target_alias=''
target_cpu='i686'
target_os='linux-gnu'
target_vendor='pc'
tcp_nodelay_inherited=''
threads=''
timeh=''
top_builddir='/home/zhongyj/httpd-2.2.24/srclib/apr'
uint64_literal=''
uint64_t_fmt=''
uint64_t_hex_fmt=''
unistdh=''
usebeosarea=''
usemmapanon=''
usemmapshm=''
usemmaptmp=''
usemmapzero=''
useos2shm=''
useshmget=''
useshmgetanon=''
usewin32shm=''
voidp_size=''
windowsh=''
winsock2h=''

## ----------- ##
## confdefs.h. ##
## ----------- ##

/* confdefs.h */
#define PACKAGE_NAME ""
#define PACKAGE_TARNAME ""
#define PACKAGE_VERSION ""
#define PACKAGE_STRING ""
#define PACKAGE_BUGREPORT ""
#define PACKAGE_URL ""

configure: caught signal 2
configure: exit 1
